<?xml version="1.0" encoding="UTF-8"?>
<!-- Generated by org.testng.reporters.JUnitReportReporter -->
<testsuite hostname="devopsnexus" failures="0" tests="1" name="TC001_GET_Request" time="2.321" errors="0" timestamp="2019-12-20T17:27:09 IST" skipped="0">
  <testcase classname="TC001_GET_Request" name="getweatherDetails" time="2.321"/>
</testsuite> <!-- TC001_GET_Request -->
